<?xml version="1.0" encoding="UTF-8"?>
<!-- Generated by org.testng.reporters.JUnitReportReporter -->
<testsuite skipped="0" hostname="Admin_SRV-PC" name="com.projecttest.utlity.Dataproviderexcel" tests="17" failures="0" timestamp="2022-07-18T10:47:31 IST" time="0.016" errors="0">
  <testcase name="finaldata" time="0.000" classname="com.projecttest.utlity.Dataproviderexcel"/>
  <system-out/>
  <testcase name="finaldata" time="0.000" classname="com.projecttest.utlity.Dataproviderexcel"/>
  <system-out/>
  <testcase name="finaldata" time="0.000" classname="com.projecttest.utlity.Dataproviderexcel"/>
  <system-out/>
  <testcase name="finaldata" time="0.000" classname="com.projecttest.utlity.Dataproviderexcel"/>
  <system-out/>
  <testcase name="finaldata" time="0.000" classname="com.projecttest.utlity.Dataproviderexcel"/>
  <system-out/>
  <testcase name="finaldata" time="0.000" classname="com.projecttest.utlity.Dataproviderexcel"/>
  <system-out/>
  <testcase name="finaldata" time="0.000" classname="com.projecttest.utlity.Dataproviderexcel"/>
  <system-out/>
  <testcase name="finaldata" time="0.000" classname="com.projecttest.utlity.Dataproviderexcel"/>
  <system-out/>
  <testcase name="finaldata" time="0.000" classname="com.projecttest.utlity.Dataproviderexcel"/>
  <system-out/>
  <testcase name="finaldata" time="0.000" classname="com.projecttest.utlity.Dataproviderexcel"/>
  <system-out/>
  <testcase name="finaldata" time="0.016" classname="com.projecttest.utlity.Dataproviderexcel"/>
  <system-out/>
  <testcase name="finaldata" time="0.000" classname="com.projecttest.utlity.Dataproviderexcel"/>
  <system-out/>
  <testcase name="finaldata" time="0.000" classname="com.projecttest.utlity.Dataproviderexcel"/>
  <system-out/>
  <testcase name="finaldata" time="0.000" classname="com.projecttest.utlity.Dataproviderexcel"/>
  <system-out/>
  <testcase name="finaldata" time="0.000" classname="com.projecttest.utlity.Dataproviderexcel"/>
  <system-out/>
  <testcase name="finaldata" time="0.000" classname="com.projecttest.utlity.Dataproviderexcel"/>
  <system-out/>
  <testcase name="finaldata" time="0.000" classname="com.projecttest.utlity.Dataproviderexcel"/>
  <system-out/>
</testsuite> <!-- com.projecttest.utlity.Dataproviderexcel -->
